<?xml version="1.0" encoding="UTF-8"?>
<testsuite xmlns:xsi="http://www.w3.org/2001/XMLSchema-instance" xsi:noNamespaceSchemaLocation="https://maven.apache.org/surefire/maven-surefire-plugin/xsd/surefire-test-report.xsd" name="LoginCourierTest" time="1.136" tests="3" errors="0" skipped="0" failures="0">
  <properties>
[...]
</properties>
  <testcase name="loginCourierWithInvalidLogin" classname="LoginCourierTest" time="0.476"/>
  <testcase name="loginCourier" classname="LoginCourierTest" time="0.309"/>
  <testcase name="loginCourierWithoutPassword" classname="LoginCourierTest" time="0.349"/>
</testsuite>